mode: set
github.com/ilhom9045/wallet/pkg/wallet/service.go:43.78,44.37 1 1
github.com/ilhom9045/wallet/pkg/wallet/service.go:49.2,56.21 4 1
github.com/ilhom9045/wallet/pkg/wallet/service.go:44.37,45.29 1 1
github.com/ilhom9045/wallet/pkg/wallet/service.go:45.29,47.4 1 0
github.com/ilhom9045/wallet/pkg/wallet/service.go:60.76,61.37 1 1
github.com/ilhom9045/wallet/pkg/wallet/service.go:66.2,66.32 1 1
github.com/ilhom9045/wallet/pkg/wallet/service.go:61.37,62.30 1 1
github.com/ilhom9045/wallet/pkg/wallet/service.go:62.30,64.4 1 1
github.com/ilhom9045/wallet/pkg/wallet/service.go:70.77,71.37 1 1
github.com/ilhom9045/wallet/pkg/wallet/service.go:76.2,76.32 1 0
github.com/ilhom9045/wallet/pkg/wallet/service.go:71.37,72.30 1 1
github.com/ilhom9045/wallet/pkg/wallet/service.go:72.30,74.4 1 1
github.com/ilhom9045/wallet/pkg/wallet/service.go:80.70,81.16 1 1
github.com/ilhom9045/wallet/pkg/wallet/service.go:84.2,85.16 2 1
github.com/ilhom9045/wallet/pkg/wallet/service.go:88.2,89.12 2 1
github.com/ilhom9045/wallet/pkg/wallet/service.go:81.16,83.3 1 0
github.com/ilhom9045/wallet/pkg/wallet/service.go:85.16,87.3 1 0
github.com/ilhom9045/wallet/pkg/wallet/service.go:93.116,94.17 1 1
github.com/ilhom9045/wallet/pkg/wallet/service.go:97.2,98.33 2 1
github.com/ilhom9045/wallet/pkg/wallet/service.go:104.2,104.20 1 1
github.com/ilhom9045/wallet/pkg/wallet/service.go:107.2,107.30 1 1
github.com/ilhom9045/wallet/pkg/wallet/service.go:110.2,120.21 5 1
github.com/ilhom9045/wallet/pkg/wallet/service.go:94.17,96.3 1 0
github.com/ilhom9045/wallet/pkg/wallet/service.go:98.33,99.26 1 1
github.com/ilhom9045/wallet/pkg/wallet/service.go:99.26,101.9 2 1
github.com/ilhom9045/wallet/pkg/wallet/service.go:104.20,106.3 1 0
github.com/ilhom9045/wallet/pkg/wallet/service.go:107.30,109.3 1 0
github.com/ilhom9045/wallet/pkg/wallet/service.go:125.50,127.37 2 1
github.com/ilhom9045/wallet/pkg/wallet/service.go:133.2,133.22 1 1
github.com/ilhom9045/wallet/pkg/wallet/service.go:137.2,138.16 2 1
github.com/ilhom9045/wallet/pkg/wallet/service.go:142.2,144.12 3 1
github.com/ilhom9045/wallet/pkg/wallet/service.go:127.37,128.30 1 1
github.com/ilhom9045/wallet/pkg/wallet/service.go:128.30,130.9 2 1
github.com/ilhom9045/wallet/pkg/wallet/service.go:133.22,135.3 1 1
github.com/ilhom9045/wallet/pkg/wallet/service.go:138.16,140.3 1 0
github.com/ilhom9045/wallet/pkg/wallet/service.go:148.68,150.16 2 1
github.com/ilhom9045/wallet/pkg/wallet/service.go:153.2,154.16 2 1
github.com/ilhom9045/wallet/pkg/wallet/service.go:157.2,157.17 1 1
github.com/ilhom9045/wallet/pkg/wallet/service.go:150.16,152.3 1 0
github.com/ilhom9045/wallet/pkg/wallet/service.go:154.16,156.3 1 0
github.com/ilhom9045/wallet/pkg/wallet/service.go:159.91,161.34 2 1
github.com/ilhom9045/wallet/pkg/wallet/service.go:167.2,167.19 1 1
github.com/ilhom9045/wallet/pkg/wallet/service.go:170.2,171.16 2 1
github.com/ilhom9045/wallet/pkg/wallet/service.go:175.2,183.22 3 1
github.com/ilhom9045/wallet/pkg/wallet/service.go:161.34,162.27 1 1
github.com/ilhom9045/wallet/pkg/wallet/service.go:162.27,164.9 2 1
github.com/ilhom9045/wallet/pkg/wallet/service.go:167.19,169.3 1 0
github.com/ilhom9045/wallet/pkg/wallet/service.go:171.16,173.3 1 0
github.com/ilhom9045/wallet/pkg/wallet/service.go:186.78,188.39 2 1
github.com/ilhom9045/wallet/pkg/wallet/service.go:193.2,193.19 1 1
github.com/ilhom9045/wallet/pkg/wallet/service.go:196.2,197.16 2 1
github.com/ilhom9045/wallet/pkg/wallet/service.go:200.2,200.17 1 1
github.com/ilhom9045/wallet/pkg/wallet/service.go:188.39,189.32 1 1
github.com/ilhom9045/wallet/pkg/wallet/service.go:189.32,191.4 1 1
github.com/ilhom9045/wallet/pkg/wallet/service.go:193.19,195.3 1 0
github.com/ilhom9045/wallet/pkg/wallet/service.go:197.16,199.3 1 0
github.com/ilhom9045/wallet/pkg/wallet/service.go:205.44,207.16 2 1
github.com/ilhom9045/wallet/pkg/wallet/service.go:210.2,210.17 1 1
github.com/ilhom9045/wallet/pkg/wallet/service.go:207.16,209.3 1 0
github.com/ilhom9045/wallet/pkg/wallet/service.go:212.51,214.16 2 1
github.com/ilhom9045/wallet/pkg/wallet/service.go:218.2,218.15 1 1
github.com/ilhom9045/wallet/pkg/wallet/service.go:224.2,225.37 2 1
github.com/ilhom9045/wallet/pkg/wallet/service.go:231.2,232.16 2 1
github.com/ilhom9045/wallet/pkg/wallet/service.go:236.2,236.12 1 1
github.com/ilhom9045/wallet/pkg/wallet/service.go:214.16,217.3 2 1
github.com/ilhom9045/wallet/pkg/wallet/service.go:218.15,220.17 2 1
github.com/ilhom9045/wallet/pkg/wallet/service.go:220.17,222.4 1 0
github.com/ilhom9045/wallet/pkg/wallet/service.go:225.37,229.3 3 0
github.com/ilhom9045/wallet/pkg/wallet/service.go:232.16,235.3 2 0
github.com/ilhom9045/wallet/pkg/wallet/service.go:238.53,241.16 2 1
github.com/ilhom9045/wallet/pkg/wallet/service.go:245.2,245.15 1 1
github.com/ilhom9045/wallet/pkg/wallet/service.go:250.2,252.6 3 1
github.com/ilhom9045/wallet/pkg/wallet/service.go:265.2,269.35 4 1
github.com/ilhom9045/wallet/pkg/wallet/service.go:290.2,290.12 1 1
github.com/ilhom9045/wallet/pkg/wallet/service.go:241.16,244.3 2 1
github.com/ilhom9045/wallet/pkg/wallet/service.go:245.15,246.40 1 1
github.com/ilhom9045/wallet/pkg/wallet/service.go:246.40,248.4 1 0
github.com/ilhom9045/wallet/pkg/wallet/service.go:252.6,254.20 2 1
github.com/ilhom9045/wallet/pkg/wallet/service.go:258.3,258.17 1 0
github.com/ilhom9045/wallet/pkg/wallet/service.go:262.3,262.43 1 0
github.com/ilhom9045/wallet/pkg/wallet/service.go:254.20,255.9 1 1
github.com/ilhom9045/wallet/pkg/wallet/service.go:258.17,261.4 2 0
github.com/ilhom9045/wallet/pkg/wallet/service.go:269.35,273.17 3 0
github.com/ilhom9045/wallet/pkg/wallet/service.go:276.3,278.17 3 0
github.com/ilhom9045/wallet/pkg/wallet/service.go:281.3,288.21 3 0
github.com/ilhom9045/wallet/pkg/wallet/service.go:273.17,275.4 1 0
github.com/ilhom9045/wallet/pkg/wallet/service.go:278.17,280.4 1 0
github.com/ilhom9045/wallet/pkg/wallet/service.go:293.44,296.22 2 1
github.com/ilhom9045/wallet/pkg/wallet/service.go:327.2,329.22 2 1
github.com/ilhom9045/wallet/pkg/wallet/service.go:365.2,367.23 2 1
github.com/ilhom9045/wallet/pkg/wallet/service.go:400.2,400.12 1 1
github.com/ilhom9045/wallet/pkg/wallet/service.go:296.22,299.17 3 1
github.com/ilhom9045/wallet/pkg/wallet/service.go:304.3,304.16 1 1
github.com/ilhom9045/wallet/pkg/wallet/service.go:309.3,310.38 2 1
github.com/ilhom9045/wallet/pkg/wallet/service.go:320.3,321.17 2 1
github.com/ilhom9045/wallet/pkg/wallet/service.go:299.17,302.4 2 0
github.com/ilhom9045/wallet/pkg/wallet/service.go:304.16,305.41 1 1
github.com/ilhom9045/wallet/pkg/wallet/service.go:305.41,307.5 1 0
github.com/ilhom9045/wallet/pkg/wallet/service.go:310.38,318.4 6 1
github.com/ilhom9045/wallet/pkg/wallet/service.go:321.17,324.4 2 0
github.com/ilhom9045/wallet/pkg/wallet/service.go:329.22,333.17 3 0
github.com/ilhom9045/wallet/pkg/wallet/service.go:338.3,338.16 1 0
github.com/ilhom9045/wallet/pkg/wallet/service.go:343.3,344.38 2 0
github.com/ilhom9045/wallet/pkg/wallet/service.go:358.3,359.17 2 0
github.com/ilhom9045/wallet/pkg/wallet/service.go:333.17,336.4 2 0
github.com/ilhom9045/wallet/pkg/wallet/service.go:338.16,339.41 1 0
github.com/ilhom9045/wallet/pkg/wallet/service.go:339.41,341.5 1 0
github.com/ilhom9045/wallet/pkg/wallet/service.go:344.38,356.4 10 0
github.com/ilhom9045/wallet/pkg/wallet/service.go:359.17,362.4 2 0
github.com/ilhom9045/wallet/pkg/wallet/service.go:367.23,370.17 3 0
github.com/ilhom9045/wallet/pkg/wallet/service.go:375.3,375.16 1 0
github.com/ilhom9045/wallet/pkg/wallet/service.go:380.3,381.40 2 0
github.com/ilhom9045/wallet/pkg/wallet/service.go:394.3,395.17 2 0
github.com/ilhom9045/wallet/pkg/wallet/service.go:370.17,373.4 2 0
github.com/ilhom9045/wallet/pkg/wallet/service.go:375.16,376.41 1 0
github.com/ilhom9045/wallet/pkg/wallet/service.go:376.41,378.5 1 0
github.com/ilhom9045/wallet/pkg/wallet/service.go:381.40,393.4 10 0
github.com/ilhom9045/wallet/pkg/wallet/service.go:395.17,398.4 2 0
github.com/ilhom9045/wallet/pkg/wallet/service.go:402.44,405.16 3 1
github.com/ilhom9045/wallet/pkg/wallet/service.go:410.2,410.28 1 1
github.com/ilhom9045/wallet/pkg/wallet/service.go:465.2,468.16 3 1
github.com/ilhom9045/wallet/pkg/wallet/service.go:473.2,473.28 1 1
github.com/ilhom9045/wallet/pkg/wallet/service.go:531.2,534.16 3 1
github.com/ilhom9045/wallet/pkg/wallet/service.go:539.2,539.28 1 1
github.com/ilhom9045/wallet/pkg/wallet/service.go:594.2,594.12 1 1
github.com/ilhom9045/wallet/pkg/wallet/service.go:405.16,409.3 2 0
github.com/ilhom9045/wallet/pkg/wallet/service.go:410.28,411.16 1 1
github.com/ilhom9045/wallet/pkg/wallet/service.go:417.3,419.7 3 1
github.com/ilhom9045/wallet/pkg/wallet/service.go:433.3,441.36 4 1
github.com/ilhom9045/wallet/pkg/wallet/service.go:411.16,412.41 1 1
github.com/ilhom9045/wallet/pkg/wallet/service.go:412.41,414.5 1 0
github.com/ilhom9045/wallet/pkg/wallet/service.go:419.7,421.21 2 1
github.com/ilhom9045/wallet/pkg/wallet/service.go:425.4,425.18 1 1
github.com/ilhom9045/wallet/pkg/wallet/service.go:430.4,430.44 1 1
github.com/ilhom9045/wallet/pkg/wallet/service.go:421.21,422.10 1 1
github.com/ilhom9045/wallet/pkg/wallet/service.go:425.18,429.5 2 0
github.com/ilhom9045/wallet/pkg/wallet/service.go:441.36,446.18 3 1
github.com/ilhom9045/wallet/pkg/wallet/service.go:449.4,451.18 3 1
github.com/ilhom9045/wallet/pkg/wallet/service.go:454.4,461.48 2 1
github.com/ilhom9045/wallet/pkg/wallet/service.go:446.18,448.5 1 0
github.com/ilhom9045/wallet/pkg/wallet/service.go:451.18,453.5 1 0
github.com/ilhom9045/wallet/pkg/wallet/service.go:468.16,472.3 2 1
github.com/ilhom9045/wallet/pkg/wallet/service.go:473.28,474.16 1 0
github.com/ilhom9045/wallet/pkg/wallet/service.go:480.3,482.7 3 0
github.com/ilhom9045/wallet/pkg/wallet/service.go:495.3,500.36 4 0
github.com/ilhom9045/wallet/pkg/wallet/service.go:474.16,475.48 1 0
github.com/ilhom9045/wallet/pkg/wallet/service.go:475.48,477.5 1 0
github.com/ilhom9045/wallet/pkg/wallet/service.go:482.7,484.21 2 0
github.com/ilhom9045/wallet/pkg/wallet/service.go:488.4,488.18 1 0
github.com/ilhom9045/wallet/pkg/wallet/service.go:492.4,492.65 1 0
github.com/ilhom9045/wallet/pkg/wallet/service.go:484.21,485.10 1 0
github.com/ilhom9045/wallet/pkg/wallet/service.go:488.18,491.5 2 0
github.com/ilhom9045/wallet/pkg/wallet/service.go:500.36,506.18 4 0
github.com/ilhom9045/wallet/pkg/wallet/service.go:510.4,511.18 2 0
github.com/ilhom9045/wallet/pkg/wallet/service.go:514.4,525.47 4 0
github.com/ilhom9045/wallet/pkg/wallet/service.go:506.18,508.5 1 0
github.com/ilhom9045/wallet/pkg/wallet/service.go:511.18,513.5 1 0
github.com/ilhom9045/wallet/pkg/wallet/service.go:534.16,538.3 2 1
github.com/ilhom9045/wallet/pkg/wallet/service.go:539.28,540.16 1 0
github.com/ilhom9045/wallet/pkg/wallet/service.go:546.3,548.7 3 0
github.com/ilhom9045/wallet/pkg/wallet/service.go:561.3,566.38 4 0
github.com/ilhom9045/wallet/pkg/wallet/service.go:540.16,541.49 1 0
github.com/ilhom9045/wallet/pkg/wallet/service.go:541.49,543.5 1 0
github.com/ilhom9045/wallet/pkg/wallet/service.go:548.7,550.21 2 0
github.com/ilhom9045/wallet/pkg/wallet/service.go:554.4,554.18 1 0
github.com/ilhom9045/wallet/pkg/wallet/service.go:558.4,558.68 1 0
github.com/ilhom9045/wallet/pkg/wallet/service.go:550.21,551.10 1 0
github.com/ilhom9045/wallet/pkg/wallet/service.go:554.18,557.5 2 0
github.com/ilhom9045/wallet/pkg/wallet/service.go:566.38,571.18 4 0
github.com/ilhom9045/wallet/pkg/wallet/service.go:574.4,577.18 3 0
github.com/ilhom9045/wallet/pkg/wallet/service.go:580.4,590.50 3 0
github.com/ilhom9045/wallet/pkg/wallet/service.go:571.18,573.5 1 0
github.com/ilhom9045/wallet/pkg/wallet/service.go:577.18,579.5 1 0
github.com/ilhom9045/wallet/pkg/wallet/service.go:596.97,597.35 1 1
github.com/ilhom9045/wallet/pkg/wallet/service.go:602.2,602.23 1 1
github.com/ilhom9045/wallet/pkg/wallet/service.go:605.2,605.8 1 1
github.com/ilhom9045/wallet/pkg/wallet/service.go:597.35,598.35 1 1
github.com/ilhom9045/wallet/pkg/wallet/service.go:598.35,600.4 1 1
github.com/ilhom9045/wallet/pkg/wallet/service.go:602.23,604.3 1 0
github.com/ilhom9045/wallet/pkg/wallet/service.go:607.91,608.23 1 1
github.com/ilhom9045/wallet/pkg/wallet/service.go:660.2,660.12 1 1
github.com/ilhom9045/wallet/pkg/wallet/service.go:608.23,609.31 1 1
github.com/ilhom9045/wallet/pkg/wallet/service.go:609.31,611.17 2 0
github.com/ilhom9045/wallet/pkg/wallet/service.go:617.4,618.37 2 0
github.com/ilhom9045/wallet/pkg/wallet/service.go:631.4,632.18 2 0
github.com/ilhom9045/wallet/pkg/wallet/service.go:611.17,612.42 1 0
github.com/ilhom9045/wallet/pkg/wallet/service.go:612.42,614.6 1 0
github.com/ilhom9045/wallet/pkg/wallet/service.go:618.37,630.5 10 0
github.com/ilhom9045/wallet/pkg/wallet/service.go:632.18,634.5 1 0
github.com/ilhom9045/wallet/pkg/wallet/service.go:635.9,640.37 5 1
github.com/ilhom9045/wallet/pkg/wallet/service.go:640.37,641.15 1 1
github.com/ilhom9045/wallet/pkg/wallet/service.go:644.5,647.19 4 1
github.com/ilhom9045/wallet/pkg/wallet/service.go:650.5,650.21 1 1
github.com/ilhom9045/wallet/pkg/wallet/service.go:641.15,643.6 1 1
github.com/ilhom9045/wallet/pkg/wallet/service.go:647.19,649.6 1 1
github.com/ilhom9045/wallet/pkg/wallet/service.go:650.21,656.6 5 1
github.com/ilhom9045/wallet/pkg/wallet/service.go:662.59,664.20 2 1
github.com/ilhom9045/wallet/pkg/wallet/service.go:670.2,674.34 5 1
github.com/ilhom9045/wallet/pkg/wallet/service.go:689.2,689.34 1 1
github.com/ilhom9045/wallet/pkg/wallet/service.go:702.2,704.14 3 1
github.com/ilhom9045/wallet/pkg/wallet/service.go:664.20,665.36 1 0
github.com/ilhom9045/wallet/pkg/wallet/service.go:668.3,668.15 1 0
github.com/ilhom9045/wallet/pkg/wallet/service.go:665.36,667.4 1 0
github.com/ilhom9045/wallet/pkg/wallet/service.go:674.34,677.20 3 1
github.com/ilhom9045/wallet/pkg/wallet/service.go:677.20,680.58 3 1
github.com/ilhom9045/wallet/pkg/wallet/service.go:684.4,686.18 3 1
github.com/ilhom9045/wallet/pkg/wallet/service.go:680.58,683.5 2 1
github.com/ilhom9045/wallet/pkg/wallet/service.go:689.34,691.13 2 1
github.com/ilhom9045/wallet/pkg/wallet/service.go:691.13,694.43 3 1
github.com/ilhom9045/wallet/pkg/wallet/service.go:697.4,699.18 3 1
github.com/ilhom9045/wallet/pkg/wallet/service.go:694.43,696.5 1 1
