mode: set
github.com/ilhom9045/wallet/pkg/wallet/service.go:42.78,43.37 1 1
github.com/ilhom9045/wallet/pkg/wallet/service.go:48.2,55.21 4 1
github.com/ilhom9045/wallet/pkg/wallet/service.go:43.37,44.29 1 0
github.com/ilhom9045/wallet/pkg/wallet/service.go:44.29,46.4 1 0
github.com/ilhom9045/wallet/pkg/wallet/service.go:59.76,60.37 1 1
github.com/ilhom9045/wallet/pkg/wallet/service.go:65.2,65.32 1 1
github.com/ilhom9045/wallet/pkg/wallet/service.go:60.37,61.30 1 1
github.com/ilhom9045/wallet/pkg/wallet/service.go:61.30,63.4 1 1
github.com/ilhom9045/wallet/pkg/wallet/service.go:69.77,70.37 1 1
github.com/ilhom9045/wallet/pkg/wallet/service.go:75.2,75.32 1 0
github.com/ilhom9045/wallet/pkg/wallet/service.go:70.37,71.30 1 1
github.com/ilhom9045/wallet/pkg/wallet/service.go:71.30,73.4 1 1
github.com/ilhom9045/wallet/pkg/wallet/service.go:79.70,80.16 1 1
github.com/ilhom9045/wallet/pkg/wallet/service.go:83.2,84.16 2 1
github.com/ilhom9045/wallet/pkg/wallet/service.go:87.2,88.12 2 1
github.com/ilhom9045/wallet/pkg/wallet/service.go:80.16,82.3 1 0
github.com/ilhom9045/wallet/pkg/wallet/service.go:84.16,86.3 1 0
github.com/ilhom9045/wallet/pkg/wallet/service.go:92.116,93.17 1 1
github.com/ilhom9045/wallet/pkg/wallet/service.go:96.2,97.33 2 1
github.com/ilhom9045/wallet/pkg/wallet/service.go:103.2,103.20 1 1
github.com/ilhom9045/wallet/pkg/wallet/service.go:106.2,106.30 1 1
github.com/ilhom9045/wallet/pkg/wallet/service.go:109.2,119.21 5 1
github.com/ilhom9045/wallet/pkg/wallet/service.go:93.17,95.3 1 0
github.com/ilhom9045/wallet/pkg/wallet/service.go:97.33,98.26 1 1
github.com/ilhom9045/wallet/pkg/wallet/service.go:98.26,100.9 2 1
github.com/ilhom9045/wallet/pkg/wallet/service.go:103.20,105.3 1 0
github.com/ilhom9045/wallet/pkg/wallet/service.go:106.30,108.3 1 0
github.com/ilhom9045/wallet/pkg/wallet/service.go:124.50,126.37 2 1
github.com/ilhom9045/wallet/pkg/wallet/service.go:132.2,132.22 1 1
github.com/ilhom9045/wallet/pkg/wallet/service.go:136.2,137.16 2 1
github.com/ilhom9045/wallet/pkg/wallet/service.go:141.2,143.12 3 1
github.com/ilhom9045/wallet/pkg/wallet/service.go:126.37,127.30 1 1
github.com/ilhom9045/wallet/pkg/wallet/service.go:127.30,129.9 2 1
github.com/ilhom9045/wallet/pkg/wallet/service.go:132.22,134.3 1 1
github.com/ilhom9045/wallet/pkg/wallet/service.go:137.16,139.3 1 0
github.com/ilhom9045/wallet/pkg/wallet/service.go:147.68,149.16 2 1
github.com/ilhom9045/wallet/pkg/wallet/service.go:152.2,153.16 2 1
github.com/ilhom9045/wallet/pkg/wallet/service.go:156.2,156.17 1 1
github.com/ilhom9045/wallet/pkg/wallet/service.go:149.16,151.3 1 0
github.com/ilhom9045/wallet/pkg/wallet/service.go:153.16,155.3 1 0
github.com/ilhom9045/wallet/pkg/wallet/service.go:158.91,160.34 2 1
github.com/ilhom9045/wallet/pkg/wallet/service.go:166.2,166.19 1 1
github.com/ilhom9045/wallet/pkg/wallet/service.go:169.2,170.16 2 1
github.com/ilhom9045/wallet/pkg/wallet/service.go:174.2,182.22 3 1
github.com/ilhom9045/wallet/pkg/wallet/service.go:160.34,161.27 1 1
github.com/ilhom9045/wallet/pkg/wallet/service.go:161.27,163.9 2 1
github.com/ilhom9045/wallet/pkg/wallet/service.go:166.19,168.3 1 0
github.com/ilhom9045/wallet/pkg/wallet/service.go:170.16,172.3 1 0
github.com/ilhom9045/wallet/pkg/wallet/service.go:185.78,187.39 2 1
github.com/ilhom9045/wallet/pkg/wallet/service.go:192.2,192.19 1 1
github.com/ilhom9045/wallet/pkg/wallet/service.go:195.2,196.16 2 1
github.com/ilhom9045/wallet/pkg/wallet/service.go:199.2,199.17 1 1
github.com/ilhom9045/wallet/pkg/wallet/service.go:187.39,188.32 1 1
github.com/ilhom9045/wallet/pkg/wallet/service.go:188.32,190.4 1 1
github.com/ilhom9045/wallet/pkg/wallet/service.go:192.19,194.3 1 0
github.com/ilhom9045/wallet/pkg/wallet/service.go:196.16,198.3 1 0
github.com/ilhom9045/wallet/pkg/wallet/service.go:204.44,206.16 2 0
github.com/ilhom9045/wallet/pkg/wallet/service.go:209.2,209.17 1 0
github.com/ilhom9045/wallet/pkg/wallet/service.go:206.16,208.3 1 0
github.com/ilhom9045/wallet/pkg/wallet/service.go:211.51,213.16 2 0
github.com/ilhom9045/wallet/pkg/wallet/service.go:217.2,217.15 1 0
github.com/ilhom9045/wallet/pkg/wallet/service.go:223.2,224.37 2 0
github.com/ilhom9045/wallet/pkg/wallet/service.go:230.2,231.16 2 0
github.com/ilhom9045/wallet/pkg/wallet/service.go:235.2,235.12 1 0
github.com/ilhom9045/wallet/pkg/wallet/service.go:213.16,216.3 2 0
github.com/ilhom9045/wallet/pkg/wallet/service.go:217.15,219.17 2 0
github.com/ilhom9045/wallet/pkg/wallet/service.go:219.17,221.4 1 0
github.com/ilhom9045/wallet/pkg/wallet/service.go:224.37,228.3 3 0
github.com/ilhom9045/wallet/pkg/wallet/service.go:231.16,234.3 2 0
github.com/ilhom9045/wallet/pkg/wallet/service.go:237.53,240.16 2 0
github.com/ilhom9045/wallet/pkg/wallet/service.go:245.2,245.15 1 0
github.com/ilhom9045/wallet/pkg/wallet/service.go:252.2,254.6 3 0
github.com/ilhom9045/wallet/pkg/wallet/service.go:267.2,274.35 4 0
github.com/ilhom9045/wallet/pkg/wallet/service.go:295.2,295.12 1 0
github.com/ilhom9045/wallet/pkg/wallet/service.go:240.16,243.3 2 0
github.com/ilhom9045/wallet/pkg/wallet/service.go:245.15,246.40 1 0
github.com/ilhom9045/wallet/pkg/wallet/service.go:246.40,248.4 1 0
github.com/ilhom9045/wallet/pkg/wallet/service.go:254.6,256.20 2 0
github.com/ilhom9045/wallet/pkg/wallet/service.go:260.3,260.17 1 0
github.com/ilhom9045/wallet/pkg/wallet/service.go:264.3,264.43 1 0
github.com/ilhom9045/wallet/pkg/wallet/service.go:256.20,257.9 1 0
github.com/ilhom9045/wallet/pkg/wallet/service.go:260.17,263.4 2 0
github.com/ilhom9045/wallet/pkg/wallet/service.go:274.35,278.17 3 0
github.com/ilhom9045/wallet/pkg/wallet/service.go:281.3,283.17 3 0
github.com/ilhom9045/wallet/pkg/wallet/service.go:286.3,293.21 3 0
github.com/ilhom9045/wallet/pkg/wallet/service.go:278.17,280.4 1 0
github.com/ilhom9045/wallet/pkg/wallet/service.go:283.17,285.4 1 0
github.com/ilhom9045/wallet/pkg/wallet/service.go:298.44,301.22 2 0
github.com/ilhom9045/wallet/pkg/wallet/service.go:332.2,334.22 2 0
github.com/ilhom9045/wallet/pkg/wallet/service.go:370.2,372.23 2 0
github.com/ilhom9045/wallet/pkg/wallet/service.go:405.2,405.12 1 0
github.com/ilhom9045/wallet/pkg/wallet/service.go:301.22,304.17 3 0
github.com/ilhom9045/wallet/pkg/wallet/service.go:309.3,309.16 1 0
github.com/ilhom9045/wallet/pkg/wallet/service.go:314.3,315.38 2 0
github.com/ilhom9045/wallet/pkg/wallet/service.go:325.3,326.17 2 0
github.com/ilhom9045/wallet/pkg/wallet/service.go:304.17,307.4 2 0
github.com/ilhom9045/wallet/pkg/wallet/service.go:309.16,310.41 1 0
github.com/ilhom9045/wallet/pkg/wallet/service.go:310.41,312.5 1 0
github.com/ilhom9045/wallet/pkg/wallet/service.go:315.38,323.4 6 0
github.com/ilhom9045/wallet/pkg/wallet/service.go:326.17,329.4 2 0
github.com/ilhom9045/wallet/pkg/wallet/service.go:334.22,338.17 3 0
github.com/ilhom9045/wallet/pkg/wallet/service.go:343.3,343.16 1 0
github.com/ilhom9045/wallet/pkg/wallet/service.go:348.3,349.38 2 0
github.com/ilhom9045/wallet/pkg/wallet/service.go:363.3,364.17 2 0
github.com/ilhom9045/wallet/pkg/wallet/service.go:338.17,341.4 2 0
github.com/ilhom9045/wallet/pkg/wallet/service.go:343.16,344.41 1 0
github.com/ilhom9045/wallet/pkg/wallet/service.go:344.41,346.5 1 0
github.com/ilhom9045/wallet/pkg/wallet/service.go:349.38,361.4 10 0
github.com/ilhom9045/wallet/pkg/wallet/service.go:364.17,367.4 2 0
github.com/ilhom9045/wallet/pkg/wallet/service.go:372.23,375.17 3 0
github.com/ilhom9045/wallet/pkg/wallet/service.go:380.3,380.16 1 0
github.com/ilhom9045/wallet/pkg/wallet/service.go:385.3,386.40 2 0
github.com/ilhom9045/wallet/pkg/wallet/service.go:399.3,400.17 2 0
github.com/ilhom9045/wallet/pkg/wallet/service.go:375.17,378.4 2 0
github.com/ilhom9045/wallet/pkg/wallet/service.go:380.16,381.41 1 0
github.com/ilhom9045/wallet/pkg/wallet/service.go:381.41,383.5 1 0
github.com/ilhom9045/wallet/pkg/wallet/service.go:386.40,398.4 10 0
github.com/ilhom9045/wallet/pkg/wallet/service.go:400.17,403.4 2 0
github.com/ilhom9045/wallet/pkg/wallet/service.go:409.44,412.16 3 0
github.com/ilhom9045/wallet/pkg/wallet/service.go:417.2,417.28 1 0
github.com/ilhom9045/wallet/pkg/wallet/service.go:472.2,475.16 3 0
github.com/ilhom9045/wallet/pkg/wallet/service.go:480.2,480.28 1 0
github.com/ilhom9045/wallet/pkg/wallet/service.go:538.2,541.16 3 0
github.com/ilhom9045/wallet/pkg/wallet/service.go:546.2,546.28 1 0
github.com/ilhom9045/wallet/pkg/wallet/service.go:601.2,601.12 1 0
github.com/ilhom9045/wallet/pkg/wallet/service.go:412.16,416.3 2 0
github.com/ilhom9045/wallet/pkg/wallet/service.go:417.28,418.16 1 0
github.com/ilhom9045/wallet/pkg/wallet/service.go:424.3,426.7 3 0
github.com/ilhom9045/wallet/pkg/wallet/service.go:440.3,448.36 4 0
github.com/ilhom9045/wallet/pkg/wallet/service.go:418.16,419.41 1 0
github.com/ilhom9045/wallet/pkg/wallet/service.go:419.41,421.5 1 0
github.com/ilhom9045/wallet/pkg/wallet/service.go:426.7,428.21 2 0
github.com/ilhom9045/wallet/pkg/wallet/service.go:432.4,432.18 1 0
github.com/ilhom9045/wallet/pkg/wallet/service.go:437.4,437.44 1 0
github.com/ilhom9045/wallet/pkg/wallet/service.go:428.21,429.10 1 0
github.com/ilhom9045/wallet/pkg/wallet/service.go:432.18,436.5 2 0
github.com/ilhom9045/wallet/pkg/wallet/service.go:448.36,453.18 3 0
github.com/ilhom9045/wallet/pkg/wallet/service.go:456.4,458.18 3 0
github.com/ilhom9045/wallet/pkg/wallet/service.go:461.4,468.48 2 0
github.com/ilhom9045/wallet/pkg/wallet/service.go:453.18,455.5 1 0
github.com/ilhom9045/wallet/pkg/wallet/service.go:458.18,460.5 1 0
github.com/ilhom9045/wallet/pkg/wallet/service.go:475.16,479.3 2 0
github.com/ilhom9045/wallet/pkg/wallet/service.go:480.28,481.16 1 0
github.com/ilhom9045/wallet/pkg/wallet/service.go:487.3,489.7 3 0
github.com/ilhom9045/wallet/pkg/wallet/service.go:502.3,507.36 4 0
github.com/ilhom9045/wallet/pkg/wallet/service.go:481.16,482.48 1 0
github.com/ilhom9045/wallet/pkg/wallet/service.go:482.48,484.5 1 0
github.com/ilhom9045/wallet/pkg/wallet/service.go:489.7,491.21 2 0
github.com/ilhom9045/wallet/pkg/wallet/service.go:495.4,495.18 1 0
github.com/ilhom9045/wallet/pkg/wallet/service.go:499.4,499.65 1 0
github.com/ilhom9045/wallet/pkg/wallet/service.go:491.21,492.10 1 0
github.com/ilhom9045/wallet/pkg/wallet/service.go:495.18,498.5 2 0
github.com/ilhom9045/wallet/pkg/wallet/service.go:507.36,513.18 4 0
github.com/ilhom9045/wallet/pkg/wallet/service.go:517.4,518.18 2 0
github.com/ilhom9045/wallet/pkg/wallet/service.go:521.4,532.47 4 0
github.com/ilhom9045/wallet/pkg/wallet/service.go:513.18,515.5 1 0
github.com/ilhom9045/wallet/pkg/wallet/service.go:518.18,520.5 1 0
github.com/ilhom9045/wallet/pkg/wallet/service.go:541.16,545.3 2 0
github.com/ilhom9045/wallet/pkg/wallet/service.go:546.28,547.16 1 0
github.com/ilhom9045/wallet/pkg/wallet/service.go:553.3,555.7 3 0
github.com/ilhom9045/wallet/pkg/wallet/service.go:568.3,573.38 4 0
github.com/ilhom9045/wallet/pkg/wallet/service.go:547.16,548.49 1 0
github.com/ilhom9045/wallet/pkg/wallet/service.go:548.49,550.5 1 0
github.com/ilhom9045/wallet/pkg/wallet/service.go:555.7,557.21 2 0
github.com/ilhom9045/wallet/pkg/wallet/service.go:561.4,561.18 1 0
github.com/ilhom9045/wallet/pkg/wallet/service.go:565.4,565.68 1 0
github.com/ilhom9045/wallet/pkg/wallet/service.go:557.21,558.10 1 0
github.com/ilhom9045/wallet/pkg/wallet/service.go:561.18,564.5 2 0
github.com/ilhom9045/wallet/pkg/wallet/service.go:573.38,578.18 4 0
github.com/ilhom9045/wallet/pkg/wallet/service.go:581.4,584.18 3 0
github.com/ilhom9045/wallet/pkg/wallet/service.go:587.4,597.50 3 0
github.com/ilhom9045/wallet/pkg/wallet/service.go:578.18,580.5 1 0
github.com/ilhom9045/wallet/pkg/wallet/service.go:584.18,586.5 1 0
github.com/ilhom9045/wallet/pkg/wallet/service.go:604.97,605.35 1 0
github.com/ilhom9045/wallet/pkg/wallet/service.go:610.2,610.23 1 0
github.com/ilhom9045/wallet/pkg/wallet/service.go:613.2,613.8 1 0
github.com/ilhom9045/wallet/pkg/wallet/service.go:605.35,606.35 1 0
github.com/ilhom9045/wallet/pkg/wallet/service.go:606.35,608.4 1 0
github.com/ilhom9045/wallet/pkg/wallet/service.go:610.23,612.3 1 0
github.com/ilhom9045/wallet/pkg/wallet/service.go:615.91,616.23 1 0
github.com/ilhom9045/wallet/pkg/wallet/service.go:668.2,668.12 1 0
github.com/ilhom9045/wallet/pkg/wallet/service.go:616.23,617.31 1 0
github.com/ilhom9045/wallet/pkg/wallet/service.go:617.31,619.17 2 0
github.com/ilhom9045/wallet/pkg/wallet/service.go:625.4,626.37 2 0
github.com/ilhom9045/wallet/pkg/wallet/service.go:639.4,640.18 2 0
github.com/ilhom9045/wallet/pkg/wallet/service.go:619.17,620.42 1 0
github.com/ilhom9045/wallet/pkg/wallet/service.go:620.42,622.6 1 0
github.com/ilhom9045/wallet/pkg/wallet/service.go:626.37,638.5 10 0
github.com/ilhom9045/wallet/pkg/wallet/service.go:640.18,642.5 1 0
github.com/ilhom9045/wallet/pkg/wallet/service.go:643.9,648.37 5 0
github.com/ilhom9045/wallet/pkg/wallet/service.go:648.37,649.15 1 0
github.com/ilhom9045/wallet/pkg/wallet/service.go:652.5,655.19 4 0
github.com/ilhom9045/wallet/pkg/wallet/service.go:658.5,658.21 1 0
github.com/ilhom9045/wallet/pkg/wallet/service.go:649.15,651.6 1 0
github.com/ilhom9045/wallet/pkg/wallet/service.go:655.19,657.6 1 0
github.com/ilhom9045/wallet/pkg/wallet/service.go:658.21,664.6 5 0
